stdio    D         file_stdio.c:109  file_stdio_fopen                 [   0.00000] opening C:\Users\Szaman\Documents\Visual Studio 2015\Projects\Project6\Debug\allegro5.cfg r
system   D            wsystem.c:738  maybe_parent_dir                 [   0.00000] Also searching C:\Users\Szaman\documents\visual studio 2015\Projects\Project6\
system   D            wsystem.c:788  _al_win_safe_load_library        [   0.00000] PathFindOnPath found: C:\WINDOWS\system32\shcore.dll
system   D            wsystem.c:699  load_library_at_path             [   0.00000] Calling LoadLibrary C:\WINDOWS\system32\shcore.dll
system   I            wsystem.c:702  load_library_at_path             [   0.00000] Loaded C:\WINDOWS\system32\shcore.dll
system   I             system.c:263  al_install_system                [   0.00000] Allegro version: 5.2.3
system   D            wsystem.c:738  maybe_parent_dir                 [   0.00046] Also searching C:\Users\Szaman\Documents\Visual Studio 2015\Projects\Project6\
system   D            wsystem.c:788  _al_win_safe_load_library        [   0.00083] PathFindOnPath found: C:\WINDOWS\system32\d3d9.dll
system   D            wsystem.c:699  load_library_at_path             [   0.00087] Calling LoadLibrary C:\WINDOWS\system32\d3d9.dll
system   I            wsystem.c:702  load_library_at_path             [   0.01108] Loaded C:\WINDOWS\system32\d3d9.dll
d3d      I         d3d_disp.cpp:674  d3d_init_display                 [   0.03525] Render-to-texture: 1
d3d      I         d3d_disp.cpp:1768 d3d_create_display_locked        [   0.03647] faux_fullscreen=0
d3d      D         d3d_disp.cpp:1769 d3d_create_display_locked        [   0.03653] al_display=02DF4AC8
d3d      D         d3d_disp.cpp:1770 d3d_create_display_locked        [   0.03657] al_display->vt=02DCCB20
d3d      I d3d_display_formats.cpp:144  _al_d3d_generate_display_format_list [   0.05171] found 64 format combinations
display  D   display_settings.c:212  debug_display_settings           [   0.05179] color: 32 (rgba 8880), depth: 0, stencil: 0, acc: 0000, samples: 0/0
display  D   display_settings.c:527  _al_score_display_settings       [   0.05184] Score is : 897
display  D   display_settings.c:212  debug_display_settings           [   0.05188] color: 32 (rgba 8880), depth: 0, stencil: 0, acc: 0000, samples: 0/0
display  D   display_settings.c:527  _al_score_display_settings       [   0.05192] Score is : 897
display  D   display_settings.c:212  debug_display_settings           [   0.05195] color: 32 (rgba 8880), depth: 24, stencil: 8, acc: 0000, samples: 0/0
display  D   display_settings.c:527  _al_score_display_settings       [   0.05199] Score is : 897
display  D   display_settings.c:212  debug_display_settings           [   0.05203] color: 32 (rgba 8880), depth: 24, stencil: 8, acc: 0000, samples: 0/0
display  D   display_settings.c:527  _al_score_display_settings       [   0.05207] Score is : 897
display  D   display_settings.c:212  debug_display_settings           [   0.05210] color: 32 (rgba 8880), depth: 24, stencil: 0, acc: 0000, samples: 0/0
display  D   display_settings.c:527  _al_score_display_settings       [   0.05214] Score is : 897
display  D   display_settings.c:212  debug_display_settings           [   0.05217] color: 32 (rgba 8880), depth: 24, stencil: 0, acc: 0000, samples: 0/0
display  D   display_settings.c:527  _al_score_display_settings       [   0.05221] Score is : 897
display  D   display_settings.c:212  debug_display_settings           [   0.05224] color: 32 (rgba 8880), depth: 16, stencil: 0, acc: 0000, samples: 0/0
display  D   display_settings.c:527  _al_score_display_settings       [   0.05228] Score is : 897
display  D   display_settings.c:212  debug_display_settings           [   0.05232] color: 32 (rgba 8880), depth: 16, stencil: 0, acc: 0000, samples: 0/0
display  D   display_settings.c:527  _al_score_display_settings       [   0.05236] Score is : 897
display  D   display_settings.c:212  debug_display_settings           [   0.05239] color: 16 (rgba 5650), depth: 0, stencil: 0, acc: 0000, samples: 0/0
display  D   display_settings.c:527  _al_score_display_settings       [   0.05251] Score is : 897
display  D   display_settings.c:212  debug_display_settings           [   0.05255] color: 16 (rgba 5650), depth: 0, stencil: 0, acc: 0000, samples: 0/0
display  D   display_settings.c:527  _al_score_display_settings       [   0.05259] Score is : 897
display  D   display_settings.c:212  debug_display_settings           [   0.05262] color: 16 (rgba 5650), depth: 24, stencil: 8, acc: 0000, samples: 0/0
display  D   display_settings.c:527  _al_score_display_settings       [   0.05266] Score is : 897
display  D   display_settings.c:212  debug_display_settings           [   0.05269] color: 16 (rgba 5650), depth: 24, stencil: 8, acc: 0000, samples: 0/0
display  D   display_settings.c:527  _al_score_display_settings       [   0.05274] Score is : 897
display  D   display_settings.c:212  debug_display_settings           [   0.05277] color: 16 (rgba 5650), depth: 24, stencil: 0, acc: 0000, samples: 0/0
display  D   display_settings.c:527  _al_score_display_settings       [   0.05281] Score is : 897
display  D   display_settings.c:212  debug_display_settings           [   0.05285] color: 16 (rgba 5650), depth: 24, stencil: 0, acc: 0000, samples: 0/0
display  D   display_settings.c:527  _al_score_display_settings       [   0.05289] Score is : 897
display  D   display_settings.c:212  debug_display_settings           [   0.05293] color: 16 (rgba 5650), depth: 16, stencil: 0, acc: 0000, samples: 0/0
display  D   display_settings.c:527  _al_score_display_settings       [   0.05297] Score is : 897
display  D   display_settings.c:212  debug_display_settings           [   0.05301] color: 16 (rgba 5650), depth: 16, stencil: 0, acc: 0000, samples: 0/0
display  D   display_settings.c:527  _al_score_display_settings       [   0.05305] Score is : 897
display  D   display_settings.c:212  debug_display_settings           [   0.05308] color: 32 (rgba 8880), depth: 0, stencil: 0, acc: 0000, samples: 0/0
display  D   display_settings.c:398  _al_score_display_settings       [   0.05313] Single Buffer requirement not met.
display  D   display_settings.c:212  debug_display_settings           [   0.05316] color: 32 (rgba 8880), depth: 0, stencil: 0, acc: 0000, samples: 0/0
display  D   display_settings.c:398  _al_score_display_settings       [   0.05321] Single Buffer requirement not met.
display  D   display_settings.c:212  debug_display_settings           [   0.05324] color: 32 (rgba 8880), depth: 24, stencil: 8, acc: 0000, samples: 0/0
display  D   display_settings.c:398  _al_score_display_settings       [   0.05329] Single Buffer requirement not met.
display  D   display_settings.c:212  debug_display_settings           [   0.05333] color: 32 (rgba 8880), depth: 24, stencil: 8, acc: 0000, samples: 0/0
display  D   display_settings.c:398  _al_score_display_settings       [   0.05337] Single Buffer requirement not met.
display  D   display_settings.c:212  debug_display_settings           [   0.05341] color: 32 (rgba 8880), depth: 24, stencil: 0, acc: 0000, samples: 0/0
display  D   display_settings.c:398  _al_score_display_settings       [   0.05347] Single Buffer requirement not met.
display  D   display_settings.c:212  debug_display_settings           [   0.05354] color: 32 (rgba 8880), depth: 24, stencil: 0, acc: 0000, samples: 0/0
display  D   display_settings.c:398  _al_score_display_settings       [   0.05359] Single Buffer requirement not met.
display  D   display_settings.c:212  debug_display_settings           [   0.05362] color: 32 (rgba 8880), depth: 16, stencil: 0, acc: 0000, samples: 0/0
display  D   display_settings.c:398  _al_score_display_settings       [   0.05367] Single Buffer requirement not met.
display  D   display_settings.c:212  debug_display_settings           [   0.05370] color: 32 (rgba 8880), depth: 16, stencil: 0, acc: 0000, samples: 0/0
display  D   display_settings.c:398  _al_score_display_settings       [   0.05375] Single Buffer requirement not met.
display  D   display_settings.c:212  debug_display_settings           [   0.05379] color: 16 (rgba 5650), depth: 0, stencil: 0, acc: 0000, samples: 0/0
display  D   display_settings.c:398  _al_score_display_settings       [   0.05384] Single Buffer requirement not met.
display  D   display_settings.c:212  debug_display_settings           [   0.05388] color: 16 (rgba 5650), depth: 0, stencil: 0, acc: 0000, samples: 0/0
display  D   display_settings.c:398  _al_score_display_settings       [   0.05392] Single Buffer requirement not met.
display  D   display_settings.c:212  debug_display_settings           [   0.05396] color: 16 (rgba 5650), depth: 24, stencil: 8, acc: 0000, samples: 0/0
display  D   display_settings.c:398  _al_score_display_settings       [   0.05400] Single Buffer requirement not met.
display  D   display_settings.c:212  debug_display_settings           [   0.05404] color: 16 (rgba 5650), depth: 24, stencil: 8, acc: 0000, samples: 0/0
display  D   display_settings.c:398  _al_score_display_settings       [   0.05408] Single Buffer requirement not met.
display  D   display_settings.c:212  debug_display_settings           [   0.05412] color: 16 (rgba 5650), depth: 24, stencil: 0, acc: 0000, samples: 0/0
display  D   display_settings.c:398  _al_score_display_settings       [   0.05416] Single Buffer requirement not met.
display  D   display_settings.c:212  debug_display_settings           [   0.05420] color: 16 (rgba 5650), depth: 24, stencil: 0, acc: 0000, samples: 0/0
display  D   display_settings.c:398  _al_score_display_settings       [   0.05424] Single Buffer requirement not met.
display  D   display_settings.c:212  debug_display_settings           [   0.05428] color: 16 (rgba 5650), depth: 16, stencil: 0, acc: 0000, samples: 0/0
display  D   display_settings.c:398  _al_score_display_settings       [   0.05432] Single Buffer requirement not met.
display  D   display_settings.c:212  debug_display_settings           [   0.05436] color: 16 (rgba 5650), depth: 16, stencil: 0, acc: 0000, samples: 0/0
display  D   display_settings.c:398  _al_score_display_settings       [   0.05440] Single Buffer requirement not met.
display  D   display_settings.c:212  debug_display_settings           [   0.05444] color: 32 (rgba 8880), depth: 0, stencil: 0, acc: 0000, samples: 0/0
display  D   display_settings.c:527  _al_score_display_settings       [   0.05449] Score is : 769
display  D   display_settings.c:212  debug_display_settings           [   0.05452] color: 32 (rgba 8880), depth: 0, stencil: 0, acc: 0000, samples: 0/0
display  D   display_settings.c:527  _al_score_display_settings       [   0.05457] Score is : 769
display  D   display_settings.c:212  debug_display_settings           [   0.05460] color: 32 (rgba 8880), depth: 24, stencil: 8, acc: 0000, samples: 0/0
display  D   display_settings.c:527  _al_score_display_settings       [   0.05464] Score is : 769
display  D   display_settings.c:212  debug_display_settings           [   0.05468] color: 32 (rgba 8880), depth: 24, stencil: 8, acc: 0000, samples: 0/0
display  D   display_settings.c:527  _al_score_display_settings       [   0.05472] Score is : 769
display  D   display_settings.c:212  debug_display_settings           [   0.05475] color: 32 (rgba 8880), depth: 24, stencil: 0, acc: 0000, samples: 0/0
display  D   display_settings.c:527  _al_score_display_settings       [   0.05479] Score is : 769
display  D   display_settings.c:212  debug_display_settings           [   0.05483] color: 32 (rgba 8880), depth: 24, stencil: 0, acc: 0000, samples: 0/0
display  D   display_settings.c:527  _al_score_display_settings       [   0.05487] Score is : 769
display  D   display_settings.c:212  debug_display_settings           [   0.05490] color: 32 (rgba 8880), depth: 16, stencil: 0, acc: 0000, samples: 0/0
display  D   display_settings.c:527  _al_score_display_settings       [   0.05495] Score is : 769
display  D   display_settings.c:212  debug_display_settings           [   0.05498] color: 32 (rgba 8880), depth: 16, stencil: 0, acc: 0000, samples: 0/0
display  D   display_settings.c:527  _al_score_display_settings       [   0.05503] Score is : 769
display  D   display_settings.c:212  debug_display_settings           [   0.05507] color: 16 (rgba 5650), depth: 0, stencil: 0, acc: 0000, samples: 0/0
display  D   display_settings.c:527  _al_score_display_settings       [   0.05511] Score is : 769
display  D   display_settings.c:212  debug_display_settings           [   0.05515] color: 16 (rgba 5650), depth: 0, stencil: 0, acc: 0000, samples: 0/0
display  D   display_settings.c:527  _al_score_display_settings       [   0.05519] Score is : 769
display  D   display_settings.c:212  debug_display_settings           [   0.05522] color: 16 (rgba 5650), depth: 24, stencil: 8, acc: 0000, samples: 0/0
display  D   display_settings.c:527  _al_score_display_settings       [   0.05526] Score is : 769
display  D   display_settings.c:212  debug_display_settings           [   0.05530] color: 16 (rgba 5650), depth: 24, stencil: 8, acc: 0000, samples: 0/0
display  D   display_settings.c:527  _al_score_display_settings       [   0.05534] Score is : 769
display  D   display_settings.c:212  debug_display_settings           [   0.05537] color: 16 (rgba 5650), depth: 24, stencil: 0, acc: 0000, samples: 0/0
display  D   display_settings.c:527  _al_score_display_settings       [   0.05542] Score is : 769
display  D   display_settings.c:212  debug_display_settings           [   0.05546] color: 16 (rgba 5650), depth: 24, stencil: 0, acc: 0000, samples: 0/0
display  D   display_settings.c:527  _al_score_display_settings       [   0.05550] Score is : 769
display  D   display_settings.c:212  debug_display_settings           [   0.05554] color: 16 (rgba 5650), depth: 16, stencil: 0, acc: 0000, samples: 0/0
display  D   display_settings.c:527  _al_score_display_settings       [   0.05558] Score is : 769
display  D   display_settings.c:212  debug_display_settings           [   0.05562] color: 16 (rgba 5650), depth: 16, stencil: 0, acc: 0000, samples: 0/0
display  D   display_settings.c:527  _al_score_display_settings       [   0.05566] Score is : 769
display  D   display_settings.c:212  debug_display_settings           [   0.05570] color: 32 (rgba 8880), depth: 0, stencil: 0, acc: 0000, samples: 0/0
display  D   display_settings.c:398  _al_score_display_settings       [   0.05574] Single Buffer requirement not met.
display  D   display_settings.c:212  debug_display_settings           [   0.05578] color: 32 (rgba 8880), depth: 0, stencil: 0, acc: 0000, samples: 0/0
display  D   display_settings.c:398  _al_score_display_settings       [   0.05584] Single Buffer requirement not met.
display  D   display_settings.c:212  debug_display_settings           [   0.05589] color: 32 (rgba 8880), depth: 24, stencil: 8, acc: 0000, samples: 0/0
display  D   display_settings.c:398  _al_score_display_settings       [   0.05598] Single Buffer requirement not met.
display  D   display_settings.c:212  debug_display_settings           [   0.05602] color: 32 (rgba 8880), depth: 24, stencil: 8, acc: 0000, samples: 0/0
display  D   display_settings.c:398  _al_score_display_settings       [   0.05606] Single Buffer requirement not met.
display  D   display_settings.c:212  debug_display_settings           [   0.05610] color: 32 (rgba 8880), depth: 24, stencil: 0, acc: 0000, samples: 0/0
display  D   display_settings.c:398  _al_score_display_settings       [   0.05614] Single Buffer requirement not met.
display  D   display_settings.c:212  debug_display_settings           [   0.05618] color: 32 (rgba 8880), depth: 24, stencil: 0, acc: 0000, samples: 0/0
display  D   display_settings.c:398  _al_score_display_settings       [   0.05622] Single Buffer requirement not met.
display  D   display_settings.c:212  debug_display_settings           [   0.05626] color: 32 (rgba 8880), depth: 16, stencil: 0, acc: 0000, samples: 0/0
display  D   display_settings.c:398  _al_score_display_settings       [   0.05630] Single Buffer requirement not met.
display  D   display_settings.c:212  debug_display_settings           [   0.05634] color: 32 (rgba 8880), depth: 16, stencil: 0, acc: 0000, samples: 0/0
display  D   display_settings.c:398  _al_score_display_settings       [   0.05853] Single Buffer requirement not met.
display  D   display_settings.c:212  debug_display_settings           [   0.05867] color: 16 (rgba 5650), depth: 0, stencil: 0, acc: 0000, samples: 0/0
display  D   display_settings.c:398  _al_score_display_settings       [   0.05872] Single Buffer requirement not met.
display  D   display_settings.c:212  debug_display_settings           [   0.05876] color: 16 (rgba 5650), depth: 0, stencil: 0, acc: 0000, samples: 0/0
display  D   display_settings.c:398  _al_score_display_settings       [   0.05880] Single Buffer requirement not met.
display  D   display_settings.c:212  debug_display_settings           [   0.05884] color: 16 (rgba 5650), depth: 24, stencil: 8, acc: 0000, samples: 0/0
display  D   display_settings.c:398  _al_score_display_settings       [   0.05889] Single Buffer requirement not met.
display  D   display_settings.c:212  debug_display_settings           [   0.05893] color: 16 (rgba 5650), depth: 24, stencil: 8, acc: 0000, samples: 0/0
display  D   display_settings.c:398  _al_score_display_settings       [   0.05897] Single Buffer requirement not met.
display  D   display_settings.c:212  debug_display_settings           [   0.05901] color: 16 (rgba 5650), depth: 24, stencil: 0, acc: 0000, samples: 0/0
display  D   display_settings.c:398  _al_score_display_settings       [   0.05905] Single Buffer requirement not met.
display  D   display_settings.c:212  debug_display_settings           [   0.05909] color: 16 (rgba 5650), depth: 24, stencil: 0, acc: 0000, samples: 0/0
display  D   display_settings.c:398  _al_score_display_settings       [   0.05914] Single Buffer requirement not met.
display  D   display_settings.c:212  debug_display_settings           [   0.05917] color: 16 (rgba 5650), depth: 16, stencil: 0, acc: 0000, samples: 0/0
display  D   display_settings.c:398  _al_score_display_settings       [   0.05922] Single Buffer requirement not met.
display  D   display_settings.c:212  debug_display_settings           [   0.05925] color: 16 (rgba 5650), depth: 16, stencil: 0, acc: 0000, samples: 0/0
display  D   display_settings.c:398  _al_score_display_settings       [   0.05930] Single Buffer requirement not met.
d3d      D         d3d_disp.cpp:1668 d3d_create_display_internals     [   0.05935] Trying format 0.
d3d      I         d3d_disp.cpp:1344 d3d_display_thread_proc          [   0.06275] Chose a display format: 23
d3d      I         d3d_disp.cpp:1413 d3d_display_thread_proc          [   0.06282] Normal window.
d3d      I         d3d_disp.cpp:781  d3d_create_device                [   0.17684] Using no depth stencil buffer
d3d      D         d3d_disp.cpp:839  d3d_create_device                [   0.18483] BeginScene succeeded in create_device
d3d      D         d3d_disp.cpp:847  d3d_create_device                [   0.18489] Success
d3d      D         d3d_disp.cpp:1691 d3d_create_display_internals     [   0.18495] Resumed after wait.
d3d      I         d3d_disp.cpp:1724 d3d_create_display_internals     [   0.18501] Format 0 succeeded.
d3d      D         d3d_disp.cpp:1755 d3d_create_display_internals     [   0.18508] Returning d3d_display: 02DF4AC8
d3d      D         d3d_disp.cpp:1780 d3d_create_display_locked        [   0.18512] al_display=02DF4AC8
d3d      D         d3d_disp.cpp:1781 d3d_create_display_locked        [   0.18515] al_display->vt=02DCCB20
system   D            wsystem.c:738  maybe_parent_dir                 [   0.18542] Also searching C:\Users\Szaman\Documents\Visual Studio 2015\Projects\Project6\
system   D            wsystem.c:788  _al_win_safe_load_library        [   0.18569] PathFindOnPath found: C:\WINDOWS\system32\d3dx9_43.dll
system   D            wsystem.c:699  load_library_at_path             [   0.18574] Calling LoadLibrary C:\WINDOWS\system32\d3dx9_43.dll
system   I            wsystem.c:702  load_library_at_path             [   0.20203] Loaded C:\WINDOWS\system32\d3dx9_43.dll
d3dx9    I        d3d_d3dx9.cpp:88   _imp_load_d3dx9_module_version   [   0.20214] Module "d3dx9_43.dll" loaded.
stdio    D         file_stdio.c:109  file_stdio_fopen                 [   0.20248] opening arial.ttf rb
font     D                ttf.c:937  al_load_ttf_font_stretch_f       [   0.20333] Font arial.ttf loaded with pixel size 0 x 18.
font     D                ttf.c:939  al_load_ttf_font_stretch_f       [   0.20339]     ascent=17.0, descent=-4.0, height=21.0
dtor     D               dtor.c:196  _al_register_destructor          [   0.20344] added dtor for ttf_font 02E2AB20, func 6C76105A
stdio    D         file_stdio.c:109  file_stdio_fopen                 [   0.20349] opening bg.png rb
d3d      D         d3d_disp.cpp:1188 real_choose_bitmap_format        [   0.20385] Fake format
d3d      D         d3d_disp.cpp:1188 real_choose_bitmap_format        [   0.20389] Fake format
d3d      D         d3d_disp.cpp:1188 real_choose_bitmap_format        [   0.20393] Fake format
d3d      D         d3d_disp.cpp:1188 real_choose_bitmap_format        [   0.20396] Fake format
d3d      D         d3d_disp.cpp:1188 real_choose_bitmap_format        [   0.20399] Fake format
d3d      D         d3d_disp.cpp:1188 real_choose_bitmap_format        [   0.20402] Fake format
d3d      D         d3d_disp.cpp:1188 real_choose_bitmap_format        [   0.20404] Fake format
d3d      D         d3d_disp.cpp:1188 real_choose_bitmap_format        [   0.20407] Fake format
d3d      D         d3d_disp.cpp:1188 real_choose_bitmap_format        [   0.20410] Fake format
d3d      D         d3d_disp.cpp:1196 real_choose_bitmap_format        [   0.20413] Alpha doesn't match
d3d      D         d3d_disp.cpp:1203 real_choose_bitmap_format        [   0.20416] Adapter format is 23
d3d      D         d3d_disp.cpp:1206 real_choose_bitmap_format        [   0.20419] Found a format
d3d      I         d3d_disp.cpp:2377 d3d_create_bitmap                [   0.20423] Chose bitmap format 9
dtor     D               dtor.c:196  _al_register_destructor          [   0.20444] added dtor for bitmap 06EC6C68, func 54732239
stdio    D         file_stdio.c:109  file_stdio_fopen                 [   0.20507] opening pawn1.png rb
d3d      D         d3d_disp.cpp:1188 real_choose_bitmap_format        [   0.20543] Fake format
d3d      D         d3d_disp.cpp:1188 real_choose_bitmap_format        [   0.20547] Fake format
d3d      D         d3d_disp.cpp:1188 real_choose_bitmap_format        [   0.20550] Fake format
d3d      D         d3d_disp.cpp:1188 real_choose_bitmap_format        [   0.20554] Fake format
d3d      D         d3d_disp.cpp:1188 real_choose_bitmap_format        [   0.20557] Fake format
d3d      D         d3d_disp.cpp:1188 real_choose_bitmap_format        [   0.20560] Fake format
d3d      D         d3d_disp.cpp:1188 real_choose_bitmap_format        [   0.20564] Fake format
d3d      D         d3d_disp.cpp:1188 real_choose_bitmap_format        [   0.20567] Fake format
d3d      D         d3d_disp.cpp:1188 real_choose_bitmap_format        [   0.20571] Fake format
d3d      D         d3d_disp.cpp:1196 real_choose_bitmap_format        [   0.20574] Alpha doesn't match
d3d      D         d3d_disp.cpp:1203 real_choose_bitmap_format        [   0.20578] Adapter format is 23
d3d      D         d3d_disp.cpp:1206 real_choose_bitmap_format        [   0.20581] Found a format
d3d      I         d3d_disp.cpp:2377 d3d_create_bitmap                [   0.20585] Chose bitmap format 9
dtor     D               dtor.c:196  _al_register_destructor          [   0.20602] added dtor for bitmap 06EC5960, func 54732239
stdio    D         file_stdio.c:109  file_stdio_fopen                 [   0.20624] opening pawn2.png rb
d3d      D         d3d_disp.cpp:1188 real_choose_bitmap_format        [   0.20660] Fake format
d3d      D         d3d_disp.cpp:1188 real_choose_bitmap_format        [   0.20664] Fake format
d3d      D         d3d_disp.cpp:1188 real_choose_bitmap_format        [   0.20667] Fake format
d3d      D         d3d_disp.cpp:1188 real_choose_bitmap_format        [   0.20671] Fake format
d3d      D         d3d_disp.cpp:1188 real_choose_bitmap_format        [   0.20675] Fake format
d3d      D         d3d_disp.cpp:1188 real_choose_bitmap_format        [   0.20679] Fake format
d3d      D         d3d_disp.cpp:1188 real_choose_bitmap_format        [   0.20682] Fake format
d3d      D         d3d_disp.cpp:1188 real_choose_bitmap_format        [   0.20685] Fake format
d3d      D         d3d_disp.cpp:1188 real_choose_bitmap_format        [   0.20688] Fake format
d3d      D         d3d_disp.cpp:1196 real_choose_bitmap_format        [   0.20691] Alpha doesn't match
d3d      D         d3d_disp.cpp:1203 real_choose_bitmap_format        [   0.20694] Adapter format is 23
d3d      D         d3d_disp.cpp:1206 real_choose_bitmap_format        [   0.20698] Found a format
d3d      I         d3d_disp.cpp:2377 d3d_create_bitmap                [   0.20701] Chose bitmap format 9
dtor     D               dtor.c:196  _al_register_destructor          [   0.20717] added dtor for bitmap 06EC6A08, func 54732239
stdio    D         file_stdio.c:109  file_stdio_fopen                 [   0.20735] opening enemy1.png rb
d3d      D         d3d_disp.cpp:1188 real_choose_bitmap_format        [   0.20764] Fake format
d3d      D         d3d_disp.cpp:1188 real_choose_bitmap_format        [   0.20768] Fake format
d3d      D         d3d_disp.cpp:1188 real_choose_bitmap_format        [   0.20771] Fake format
d3d      D         d3d_disp.cpp:1188 real_choose_bitmap_format        [   0.20774] Fake format
d3d      D         d3d_disp.cpp:1188 real_choose_bitmap_format        [   0.20777] Fake format
d3d      D         d3d_disp.cpp:1188 real_choose_bitmap_format        [   0.20780] Fake format
d3d      D         d3d_disp.cpp:1188 real_choose_bitmap_format        [   0.20783] Fake format
d3d      D         d3d_disp.cpp:1188 real_choose_bitmap_format        [   0.20786] Fake format
d3d      D         d3d_disp.cpp:1188 real_choose_bitmap_format        [   0.20789] Fake format
d3d      D         d3d_disp.cpp:1196 real_choose_bitmap_format        [   0.20792] Alpha doesn't match
d3d      D         d3d_disp.cpp:1203 real_choose_bitmap_format        [   0.20795] Adapter format is 23
d3d      D         d3d_disp.cpp:1206 real_choose_bitmap_format        [   0.20800] Found a format
d3d      I         d3d_disp.cpp:2377 d3d_create_bitmap                [   0.20803] Chose bitmap format 9
dtor     D               dtor.c:196  _al_register_destructor          [   0.20823] added dtor for bitmap 06ED6810, func 54732239
dtor     D               dtor.c:196  _al_register_destructor          [   0.23297] added dtor for queue 02E09B58, func 54732388
dtor     D               dtor.c:196  _al_register_destructor          [   0.23305] added dtor for timer 02E04EC0, func 54731735
d3d      D         d3d_disp.cpp:1188 real_choose_bitmap_format        [   0.28712] Fake format
d3d      D         d3d_disp.cpp:1188 real_choose_bitmap_format        [   0.28718] Fake format
d3d      D         d3d_disp.cpp:1188 real_choose_bitmap_format        [   0.28721] Fake format
d3d      D         d3d_disp.cpp:1188 real_choose_bitmap_format        [   0.28724] Fake format
d3d      D         d3d_disp.cpp:1188 real_choose_bitmap_format        [   0.28727] Fake format
d3d      D         d3d_disp.cpp:1188 real_choose_bitmap_format        [   0.28730] Fake format
d3d      D         d3d_disp.cpp:1188 real_choose_bitmap_format        [   0.28733] Fake format
d3d      D         d3d_disp.cpp:1188 real_choose_bitmap_format        [   0.28736] Fake format
d3d      D         d3d_disp.cpp:1188 real_choose_bitmap_format        [   0.28739] Fake format
d3d      D         d3d_disp.cpp:1196 real_choose_bitmap_format        [   0.28742] Alpha doesn't match
d3d      D         d3d_disp.cpp:1203 real_choose_bitmap_format        [   0.28745] Adapter format is 23
d3d      D         d3d_disp.cpp:1206 real_choose_bitmap_format        [   0.28748] Found a format
d3d      I         d3d_disp.cpp:2377 d3d_create_bitmap                [   0.28751] Chose bitmap format 9
font     D                ttf.c:238  alloc_glyph_region               [   0.28799] Glyph 41: 12x15 (12x16)
font     D                ttf.c:282  alloc_glyph_region               [   0.28805] Locking glyph region: 06EE4858 0 0 12 16
font     D                ttf.c:166  unlock_current_page              [   0.28854] Unlocking page: 06EE4858
font     D                ttf.c:238  alloc_glyph_region               [   0.28873] Glyph 51: 13x15 (16x16)
font     D                ttf.c:282  alloc_glyph_region               [   0.28877] Locking glyph region: 06EE4858 12 0 16 16
font     D                ttf.c:166  unlock_current_page              [   0.28888] Unlocking page: 06EE4858
font     D                ttf.c:238  alloc_glyph_region               [   0.28902] Glyph 54: 14x15 (16x16)
font     D                ttf.c:282  alloc_glyph_region               [   0.28906] Locking glyph region: 06EE4858 28 0 16 16
font     D                ttf.c:166  unlock_current_page              [   0.28915] Unlocking page: 06EE4858
font     D                ttf.c:238  alloc_glyph_region               [   0.28925] Glyph 29: 5x12 (8x12)
font     D                ttf.c:282  alloc_glyph_region               [   0.28929] Locking glyph region: 06EE4858 44 0 8 12
font     D                ttf.c:166  unlock_current_page              [   0.28936] Unlocking page: 06EE4858
font     D                ttf.c:440  cache_glyph                      [   0.28942] Glyph 3 has zero size.
font     D                ttf.c:238  alloc_glyph_region               [   0.28952] Glyph 19: 12x15 (12x16)
font     D                ttf.c:282  alloc_glyph_region               [   0.28956] Locking glyph region: 06EE4858 52 0 12 16
font     D                ttf.c:166  unlock_current_page              [   0.28964] Unlocking page: 06EE4858
font     D                ttf.c:238  alloc_glyph_region               [   0.29075] Glyph 86: 11x12 (12x12)
font     D                ttf.c:282  alloc_glyph_region               [   0.29082] Locking glyph region: 06EE4858 64 0 12 12
font     D                ttf.c:166  unlock_current_page              [   0.29739] Unlocking page: 06EE4858
font     D                ttf.c:238  alloc_glyph_region               [   0.29755] Glyph 83: 11x16 (12x16)
font     D                ttf.c:282  alloc_glyph_region               [   0.29759] Locking glyph region: 06EE4858 76 0 12 16
font     D                ttf.c:166  unlock_current_page              [   0.29769] Unlocking page: 06EE4858
font     D                ttf.c:238  alloc_glyph_region               [   0.29784] Glyph 68: 12x12 (12x12)
font     D                ttf.c:282  alloc_glyph_region               [   0.29788] Locking glyph region: 06EE4858 88 0 12 12
font     D                ttf.c:166  unlock_current_page              [   0.29797] Unlocking page: 06EE4858
font     D                ttf.c:238  alloc_glyph_region               [   0.29807] Glyph 70: 11x12 (12x12)
font     D                ttf.c:282  alloc_glyph_region               [   0.29811] Locking glyph region: 06EE4858 100 0 12 12
font     D                ttf.c:166  unlock_current_page              [   0.29818] Unlocking page: 06EE4858
font     D                ttf.c:238  alloc_glyph_region               [   0.29829] Glyph 77: 6x19 (8x20)
font     D                ttf.c:282  alloc_glyph_region               [   0.29833] Locking glyph region: 06EE4858 112 0 8 20
font     D                ttf.c:166  unlock_current_page              [   0.29841] Unlocking page: 06EE4858
font     D                ttf.c:238  alloc_glyph_region               [   0.29852] Glyph 69: 11x15 (12x16)
font     D                ttf.c:282  alloc_glyph_region               [   0.29857] Locking glyph region: 06EE4858 120 0 12 16
font     D                ttf.c:166  unlock_current_page              [   0.29865] Unlocking page: 06EE4858
font     D                ttf.c:238  alloc_glyph_region               [   0.29878] Glyph 92: 11x16 (12x16)
font     D                ttf.c:282  alloc_glyph_region               [   0.29882] Locking glyph region: 06EE4858 132 0 12 16
font     D                ttf.c:166  unlock_current_page              [   0.29898] Unlocking page: 06EE4858
font     D                ttf.c:238  alloc_glyph_region               [   0.29911] Glyph 74: 11x16 (12x16)
font     D                ttf.c:282  alloc_glyph_region               [   0.29915] Locking glyph region: 06EE4858 144 0 12 16
font     D                ttf.c:166  unlock_current_page              [   0.30081] Unlocking page: 06EE4858
font     D                ttf.c:238  alloc_glyph_region               [   0.30097] Glyph 85: 8x12 (8x12)
font     D                ttf.c:282  alloc_glyph_region               [   0.30102] Locking glyph region: 06EE4858 156 0 8 12
font     D                ttf.c:166  unlock_current_page              [   0.30109] Unlocking page: 06EE4858
d3d      D          d3d_bmp.cpp:539  _al_d3d_sync_bitmap              [   0.30238] _al_d3d_sync_bitmap (system) ref count == 1
d3d      D          d3d_bmp.cpp:545  _al_d3d_sync_bitmap              [   0.30250] _al_d3d_sync_bitmap (video) ref count == 1
d3d      D          d3d_bmp.cpp:539  _al_d3d_sync_bitmap              [   0.30335] _al_d3d_sync_bitmap (system) ref count == 1
d3d      D          d3d_bmp.cpp:545  _al_d3d_sync_bitmap              [   0.30341] _al_d3d_sync_bitmap (video) ref count == 1
d3d      D          d3d_bmp.cpp:539  _al_d3d_sync_bitmap              [   0.30377] _al_d3d_sync_bitmap (system) ref count == 1
d3d      D          d3d_bmp.cpp:545  _al_d3d_sync_bitmap              [   0.30382] _al_d3d_sync_bitmap (video) ref count == 1
d3d      D          d3d_bmp.cpp:539  _al_d3d_sync_bitmap              [   0.30417] _al_d3d_sync_bitmap (system) ref count == 1
d3d      D          d3d_bmp.cpp:545  _al_d3d_sync_bitmap              [   0.30422] _al_d3d_sync_bitmap (video) ref count == 1
d3d      D          d3d_bmp.cpp:539  _al_d3d_sync_bitmap              [   0.30461] _al_d3d_sync_bitmap (system) ref count == 1
d3d      D          d3d_bmp.cpp:545  _al_d3d_sync_bitmap              [   0.30466] _al_d3d_sync_bitmap (video) ref count == 1
font     D                ttf.c:238  alloc_glyph_region               [   0.79760] Glyph 72: 12x12 (12x12)
font     D                ttf.c:282  alloc_glyph_region               [   0.79765] Locking glyph region: 06EE4858 164 0 12 12
font     D                ttf.c:166  unlock_current_page              [   0.79771] Unlocking page: 06EE4858
font     D                ttf.c:238  alloc_glyph_region               [   0.79785] Glyph 90: 15x12 (16x12)
font     D                ttf.c:282  alloc_glyph_region               [   0.79789] Locking glyph region: 06EE4858 176 0 16 12
font     D                ttf.c:166  unlock_current_page              [   0.79834] Unlocking page: 06EE4858
d3d      D          d3d_bmp.cpp:539  _al_d3d_sync_bitmap              [   0.80590] _al_d3d_sync_bitmap (system) ref count == 1
d3d      D          d3d_bmp.cpp:545  _al_d3d_sync_bitmap              [   0.80601] _al_d3d_sync_bitmap (video) ref count == 1
font     D                ttf.c:238  alloc_glyph_region               [   1.03750] Glyph 20: 8x15 (8x16)
font     D                ttf.c:282  alloc_glyph_region               [   1.03756] Locking glyph region: 06EE4858 192 0 8 16
font     D                ttf.c:166  unlock_current_page              [   1.03762] Unlocking page: 06EE4858
font     D                ttf.c:238  alloc_glyph_region               [   1.03774] Glyph 25: 12x15 (12x16)
font     D                ttf.c:282  alloc_glyph_region               [   1.03778] Locking glyph region: 06EE4858 200 0 12 16
font     D                ttf.c:166  unlock_current_page              [   1.03793] Unlocking page: 06EE4858
d3d      D          d3d_bmp.cpp:539  _al_d3d_sync_bitmap              [   1.04280] _al_d3d_sync_bitmap (system) ref count == 1
d3d      D          d3d_bmp.cpp:545  _al_d3d_sync_bitmap              [   1.04288] _al_d3d_sync_bitmap (video) ref count == 1
font     D                ttf.c:238  alloc_glyph_region               [   2.03691] Glyph 21: 12x15 (12x16)
font     D                ttf.c:282  alloc_glyph_region               [   2.03697] Locking glyph region: 06EE4858 212 0 12 16
font     D                ttf.c:166  unlock_current_page              [   2.03708] Unlocking page: 06EE4858
d3d      D          d3d_bmp.cpp:539  _al_d3d_sync_bitmap              [   2.03992] _al_d3d_sync_bitmap (system) ref count == 1
d3d      D          d3d_bmp.cpp:545  _al_d3d_sync_bitmap              [   2.03996] _al_d3d_sync_bitmap (video) ref count == 1
dtor     D               dtor.c:227  _al_unregister_destructor        [   4.39381] removed dtor for ttf_font 02E2AB20
dtor     D               dtor.c:227  _al_unregister_destructor        [   4.39416] removed dtor for timer 02E04EC0
dtor     D               dtor.c:227  _al_unregister_destructor        [   4.39421] removed dtor for queue 02E09B58
dtor     D               dtor.c:227  _al_unregister_destructor        [   4.39425] removed dtor for bitmap 06EC5960
dtor     D               dtor.c:227  _al_unregister_destructor        [   4.39432] removed dtor for bitmap 06EC6A08
dtor     D               dtor.c:227  _al_unregister_destructor        [   4.39438] removed dtor for bitmap 06ED6810
dtor     D               dtor.c:227  _al_unregister_destructor        [   4.39452] removed dtor for bitmap 06EC6C68
d3d      I         d3d_disp.cpp:901  d3d_destroy_display              [   4.39496] destroying display 02DF4AC8 (current 00000000)
d3d      D         d3d_disp.cpp:885  d3d_destroy_display_internals    [   4.39903] waiting for display 02DF4AC8's thread to end
d3d      W         d3d_disp.cpp:595  d3d_destroy_device               [   4.40653] d3d_destroy_device: ref count not 0
d3d      I         d3d_disp.cpp:1548 d3d_display_thread_proc          [   4.41074] d3d display thread exits
